<?xml version="1.0" encoding="utf-8"?><testsuite errors="0" failures="0" name="pytest" skips="0" tests="11" time="1.619"><testcase classname="spawny.tests.test_main" file="spawny/tests/test_main.py" line="25" name="test_mini_instance_def" time="0.024389982223510742"></testcase><testcase classname="spawny.tests.test_main" file="spawny/tests/test_main.py" line="34" name="test_mini_instance_def_primitives" time="0.014072179794311523"></testcase><testcase classname="spawny.tests.test_main" file="spawny/tests/test_main.py" line="43" name="test_mini_instance" time="0.016314029693603516"></testcase><testcase classname="spawny.tests.test_main" file="spawny/tests/test_main.py" line="56" name="test_main" time="1.1533458232879639"></testcase><testcase classname="spawny.tests.test_new_api" file="spawny/tests/test_new_api.py" line="12" name="test_remote_script" time="0.01750802993774414"></testcase><testcase classname="spawny.tests.test_new_api" file="spawny/tests/test_new_api.py" line="37" name="test_remote_script_unpicklable_result[False-False]" time="0.013392925262451172"></testcase><testcase classname="spawny.tests.test_new_api" file="spawny/tests/test_new_api.py" line="37" name="test_remote_script_unpicklable_result[True-False]" time="0.01462411880493164"></testcase><testcase classname="spawny.tests.test_new_api" file="spawny/tests/test_new_api.py" line="37" name="test_remote_script_unpicklable_result[True-True]" time="0.012732505798339844"></testcase><testcase classname="spawny.tests.test_new_api" file="spawny/tests/test_new_api.py" line="77" name="test_remote_module_from_name[module_in_syspath=True]" time="0.03529667854309082"></testcase><testcase classname="spawny.tests.test_new_api" file="spawny/tests/test_new_api.py" line="77" name="test_remote_module_from_name[module_in_syspath=False]" time="0.025303363800048828"></testcase><testcase classname="spawny.tests.test_subparts" file="spawny/tests/test_subparts.py" line="5" name="test_picklable_exception_class" time="0.001565694808959961"></testcase></testsuite>