<?xml version="1.0" encoding="utf-8"?><testsuite errors="0" failures="0" name="pytest" skips="0" tests="11" time="1.742"><testcase classname="spawny.tests.test_main" file="spawny/tests/test_main.py" line="25" name="test_mini_instance_def" time="0.018687725067138672"></testcase><testcase classname="spawny.tests.test_main" file="spawny/tests/test_main.py" line="34" name="test_mini_instance_def_primitives" time="0.012668371200561523"></testcase><testcase classname="spawny.tests.test_main" file="spawny/tests/test_main.py" line="43" name="test_mini_instance" time="0.02059483528137207"></testcase><testcase classname="spawny.tests.test_main" file="spawny/tests/test_main.py" line="56" name="test_main" time="1.2334957122802734"></testcase><testcase classname="spawny.tests.test_new_api" file="spawny/tests/test_new_api.py" line="12" name="test_remote_script" time="0.02292609214782715"></testcase><testcase classname="spawny.tests.test_new_api" file="spawny/tests/test_new_api.py" line="37" name="test_remote_script_unpicklable_result[False-False]" time="0.02371072769165039"></testcase><testcase classname="spawny.tests.test_new_api" file="spawny/tests/test_new_api.py" line="37" name="test_remote_script_unpicklable_result[True-False]" time="0.023146390914916992"></testcase><testcase classname="spawny.tests.test_new_api" file="spawny/tests/test_new_api.py" line="37" name="test_remote_script_unpicklable_result[True-True]" time="0.012995481491088867"></testcase><testcase classname="spawny.tests.test_new_api" file="spawny/tests/test_new_api.py" line="77" name="test_remote_module_from_name[module_in_syspath=True]" time="0.029429912567138672"></testcase><testcase classname="spawny.tests.test_new_api" file="spawny/tests/test_new_api.py" line="77" name="test_remote_module_from_name[module_in_syspath=False]" time="0.025849342346191406"></testcase><testcase classname="spawny.tests.test_subparts" file="spawny/tests/test_subparts.py" line="5" name="test_picklable_exception_class" time="0.0014510154724121094"></testcase></testsuite>