<?xml version="1.0" encoding="utf-8"?><testsuite errors="0" failures="0" name="pytest" skips="0" tests="7" time="1.490"><testcase classname="spawny.tests.test_main" file="spawny/tests/test_main.py" line="25" name="test_mini_instance_def" time="0.02262735366821289"></testcase><testcase classname="spawny.tests.test_main" file="spawny/tests/test_main.py" line="34" name="test_mini_instance_def_primitives" time="0.017164230346679688"></testcase><testcase classname="spawny.tests.test_main" file="spawny/tests/test_main.py" line="43" name="test_mini_instance" time="0.014746427536010742"></testcase><testcase classname="spawny.tests.test_main" file="spawny/tests/test_main.py" line="56" name="test_main" time="1.1492960453033447"></testcase><testcase classname="spawny.tests.test_new_api" file="spawny/tests/test_new_api.py" line="13" name="test_remote_script" time="0.014294862747192383"></testcase><testcase classname="spawny.tests.test_new_api" file="spawny/tests/test_new_api.py" line="42" name="test_remote_module_from_name[module_in_syspath=True]" time="0.03437399864196777"></testcase><testcase classname="spawny.tests.test_new_api" file="spawny/tests/test_new_api.py" line="42" name="test_remote_module_from_name[module_in_syspath=False]" time="0.019881010055541992"></testcase></testsuite>