<?xml version="1.0" encoding="utf-8"?><testsuite errors="0" failures="0" name="pytest" skips="0" tests="7" time="1.720"><testcase classname="spawny.tests.test_main" file="spawny/tests/test_main.py" line="25" name="test_mini_instance_def" time="0.021828413009643555"></testcase><testcase classname="spawny.tests.test_main" file="spawny/tests/test_main.py" line="34" name="test_mini_instance_def_primitives" time="0.01566171646118164"></testcase><testcase classname="spawny.tests.test_main" file="spawny/tests/test_main.py" line="43" name="test_mini_instance" time="0.01891303062438965"></testcase><testcase classname="spawny.tests.test_main" file="spawny/tests/test_main.py" line="56" name="test_main" time="1.3515617847442627"></testcase><testcase classname="spawny.tests.test_new_api" file="spawny/tests/test_new_api.py" line="13" name="test_remote_script" time="0.02045893669128418"></testcase><testcase classname="spawny.tests.test_new_api" file="spawny/tests/test_new_api.py" line="42" name="test_remote_module_from_name[module_in_syspath=True]" time="0.02820110321044922"></testcase><testcase classname="spawny.tests.test_new_api" file="spawny/tests/test_new_api.py" line="42" name="test_remote_module_from_name[module_in_syspath=False]" time="0.02660369873046875"></testcase></testsuite>