<?xml version="1.0" encoding="utf-8"?><testsuite errors="0" failures="0" name="pytest" skips="0" tests="11" time="1.234"><testcase classname="spawny.tests.test_main" file="spawny/tests/test_main.py" line="25" name="test_mini_instance_def" time="0.017222881317138672"></testcase><testcase classname="spawny.tests.test_main" file="spawny/tests/test_main.py" line="34" name="test_mini_instance_def_primitives" time="0.01209259033203125"></testcase><testcase classname="spawny.tests.test_main" file="spawny/tests/test_main.py" line="43" name="test_mini_instance" time="0.012851953506469727"></testcase><testcase classname="spawny.tests.test_main" file="spawny/tests/test_main.py" line="56" name="test_main" time="0.8814899921417236"></testcase><testcase classname="spawny.tests.test_new_api" file="spawny/tests/test_new_api.py" line="12" name="test_remote_script" time="0.010302305221557617"></testcase><testcase classname="spawny.tests.test_new_api" file="spawny/tests/test_new_api.py" line="37" name="test_remote_script_unpicklable_result[False-False]" time="0.009687185287475586"></testcase><testcase classname="spawny.tests.test_new_api" file="spawny/tests/test_new_api.py" line="37" name="test_remote_script_unpicklable_result[True-False]" time="0.008493423461914062"></testcase><testcase classname="spawny.tests.test_new_api" file="spawny/tests/test_new_api.py" line="37" name="test_remote_script_unpicklable_result[True-True]" time="0.007593870162963867"></testcase><testcase classname="spawny.tests.test_new_api" file="spawny/tests/test_new_api.py" line="77" name="test_remote_module_from_name[module_in_syspath=True]" time="0.03667092323303223"></testcase><testcase classname="spawny.tests.test_new_api" file="spawny/tests/test_new_api.py" line="77" name="test_remote_module_from_name[module_in_syspath=False]" time="0.017319440841674805"></testcase><testcase classname="spawny.tests.test_subparts" file="spawny/tests/test_subparts.py" line="5" name="test_picklable_exception_class" time="0.004351615905761719"></testcase></testsuite>