<?xml version="1.0" encoding="utf-8"?><testsuite errors="0" failures="0" name="pytest" skips="0" tests="11" time="1.529"><testcase classname="spawny.tests.test_main" file="spawny/tests/test_main.py" line="25" name="test_mini_instance_def" time="0.01842188835144043"></testcase><testcase classname="spawny.tests.test_main" file="spawny/tests/test_main.py" line="34" name="test_mini_instance_def_primitives" time="0.009561777114868164"></testcase><testcase classname="spawny.tests.test_main" file="spawny/tests/test_main.py" line="43" name="test_mini_instance" time="0.014862775802612305"></testcase><testcase classname="spawny.tests.test_main" file="spawny/tests/test_main.py" line="56" name="test_main" time="1.1719551086425781"></testcase><testcase classname="spawny.tests.test_new_api" file="spawny/tests/test_new_api.py" line="12" name="test_remote_script" time="0.02112436294555664"></testcase><testcase classname="spawny.tests.test_new_api" file="spawny/tests/test_new_api.py" line="37" name="test_remote_script_unpicklable_result[False-False]" time="0.013249874114990234"></testcase><testcase classname="spawny.tests.test_new_api" file="spawny/tests/test_new_api.py" line="37" name="test_remote_script_unpicklable_result[True-False]" time="0.015165090560913086"></testcase><testcase classname="spawny.tests.test_new_api" file="spawny/tests/test_new_api.py" line="37" name="test_remote_script_unpicklable_result[True-True]" time="0.014593839645385742"></testcase><testcase classname="spawny.tests.test_new_api" file="spawny/tests/test_new_api.py" line="77" name="test_remote_module_from_name[module_in_syspath=True]" time="0.035028696060180664"></testcase><testcase classname="spawny.tests.test_new_api" file="spawny/tests/test_new_api.py" line="77" name="test_remote_module_from_name[module_in_syspath=False]" time="0.02751636505126953"></testcase><testcase classname="spawny.tests.test_subparts" file="spawny/tests/test_subparts.py" line="5" name="test_picklable_exception_class" time="0.0024521350860595703"></testcase></testsuite>