<?xml version="1.0" encoding="utf-8"?><testsuite errors="0" failures="0" name="pytest" skips="0" tests="11" time="1.452"><testcase classname="spawny.tests.test_main" file="spawny/tests/test_main.py" line="25" name="test_mini_instance_def" time="0.020151615142822266"></testcase><testcase classname="spawny.tests.test_main" file="spawny/tests/test_main.py" line="34" name="test_mini_instance_def_primitives" time="0.016230344772338867"></testcase><testcase classname="spawny.tests.test_main" file="spawny/tests/test_main.py" line="43" name="test_mini_instance" time="0.01652693748474121"></testcase><testcase classname="spawny.tests.test_main" file="spawny/tests/test_main.py" line="56" name="test_main" time="1.0990400314331055"></testcase><testcase classname="spawny.tests.test_new_api" file="spawny/tests/test_new_api.py" line="12" name="test_remote_script" time="0.014274120330810547"></testcase><testcase classname="spawny.tests.test_new_api" file="spawny/tests/test_new_api.py" line="37" name="test_remote_script_unpicklable_result[False-False]" time="0.01459813117980957"></testcase><testcase classname="spawny.tests.test_new_api" file="spawny/tests/test_new_api.py" line="37" name="test_remote_script_unpicklable_result[True-False]" time="0.014876604080200195"></testcase><testcase classname="spawny.tests.test_new_api" file="spawny/tests/test_new_api.py" line="37" name="test_remote_script_unpicklable_result[True-True]" time="0.01346445083618164"></testcase><testcase classname="spawny.tests.test_new_api" file="spawny/tests/test_new_api.py" line="77" name="test_remote_module_from_name[module_in_syspath=True]" time="0.03269767761230469"></testcase><testcase classname="spawny.tests.test_new_api" file="spawny/tests/test_new_api.py" line="77" name="test_remote_module_from_name[module_in_syspath=False]" time="0.027172327041625977"></testcase><testcase classname="spawny.tests.test_subparts" file="spawny/tests/test_subparts.py" line="5" name="test_picklable_exception_class" time="0.0017588138580322266"></testcase></testsuite>