<?xml version="1.0" encoding="utf-8"?><testsuite errors="0" failures="0" name="pytest" skips="0" tests="7" time="1.515"><testcase classname="spawny.tests.test_main" file="spawny/tests/test_main.py" line="25" name="test_mini_instance_def" time="0.014998912811279297"></testcase><testcase classname="spawny.tests.test_main" file="spawny/tests/test_main.py" line="34" name="test_mini_instance_def_primitives" time="0.011985301971435547"></testcase><testcase classname="spawny.tests.test_main" file="spawny/tests/test_main.py" line="43" name="test_mini_instance" time="0.013195514678955078"></testcase><testcase classname="spawny.tests.test_main" file="spawny/tests/test_main.py" line="56" name="test_main" time="1.1738643646240234"></testcase><testcase classname="spawny.tests.test_new_api" file="spawny/tests/test_new_api.py" line="13" name="test_remote_script" time="0.01439809799194336"></testcase><testcase classname="spawny.tests.test_new_api" file="spawny/tests/test_new_api.py" line="42" name="test_remote_module_from_name[module_in_syspath=True]" time="0.036078691482543945"></testcase><testcase classname="spawny.tests.test_new_api" file="spawny/tests/test_new_api.py" line="42" name="test_remote_module_from_name[module_in_syspath=False]" time="0.03149700164794922"></testcase></testsuite>