<?xml version="1.0" encoding="utf-8"?><testsuite errors="0" failures="0" name="pytest" skips="0" tests="7" time="1.368"><testcase classname="spawny.tests.test_main" file="spawny/tests/test_main.py" line="25" name="test_mini_instance_def" time="0.014652013778686523"></testcase><testcase classname="spawny.tests.test_main" file="spawny/tests/test_main.py" line="34" name="test_mini_instance_def_primitives" time="0.010236978530883789"></testcase><testcase classname="spawny.tests.test_main" file="spawny/tests/test_main.py" line="43" name="test_mini_instance" time="0.012251853942871094"></testcase><testcase classname="spawny.tests.test_main" file="spawny/tests/test_main.py" line="56" name="test_main" time="1.0699489116668701"></testcase><testcase classname="spawny.tests.test_new_api" file="spawny/tests/test_new_api.py" line="13" name="test_remote_script" time="0.014876604080200195"></testcase><testcase classname="spawny.tests.test_new_api" file="spawny/tests/test_new_api.py" line="42" name="test_remote_module_from_name[module_in_syspath=True]" time="0.02640390396118164"></testcase><testcase classname="spawny.tests.test_new_api" file="spawny/tests/test_new_api.py" line="42" name="test_remote_module_from_name[module_in_syspath=False]" time="0.021888017654418945"></testcase></testsuite>